Wearable/build/intermediates/manifest_merge_blame_file/debug/manifest-merger-blame-debug-report.txt
1<?xml version="1.0" encoding="utf-8"?>
2<!--
3  Copyright 2015 Google Inc. All rights reserved.
4
5  Licensed under the Apache License, Version 2.0 (the "License");
6  you may not use this file except in compliance with the License.
7  You may obtain a copy of the License at
8
9       http://www.apache.org/licenses/LICENSE-2.0
10
11  Unless required by applicable law or agreed to in writing, software
12  distributed under the License is distributed on an "AS IS" BASIS,
13  WITHOUT WARRANTIES OR CONDITIONS OF ANY KIND, either express or implied.
14  See the License for the specific language governing permissions and
15  limitations under the License.
16-->
17<manifest xmlns:android="http://schemas.android.com/apk/res/android"
18    package="com.example.android.xyztouristattractions"
19    android:versionCode="1"
20    android:versionName="1.0" >
21
22    <uses-sdk
23        android:minSdkVersion="23"
23-->src/main/AndroidManifest.xml
24        android:targetSdkVersion="28" />
24-->src/main/AndroidManifest.xml
25
26    <uses-feature android:name="android.hardware.type.watch" />
26-->src/main/AndroidManifest.xml:22:5-64
26-->src/main/AndroidManifest.xml:22:19-61
27
28    <!-- Include required permissions for Google Maps API to run. -->
29    <uses-permission android:name="android.permission.ACCESS_NETWORK_STATE" />
29-->[com.google.android.gms:play-services-maps:17.0.0] AndroidManifest.xml:23:5-79
29-->[com.google.android.gms:play-services-maps:17.0.0] AndroidManifest.xml:23:22-76
30    <uses-permission android:name="android.permission.INTERNET" />
30-->[com.google.android.gms:play-services-maps:17.0.0] AndroidManifest.xml:24:5-67
30-->[com.google.android.gms:play-services-maps:17.0.0] AndroidManifest.xml:24:22-64
31
32    <uses-feature
32-->[com.google.android.gms:play-services-maps:17.0.0] AndroidManifest.xml:26:5-28:35
33        android:glEsVersion="0x00020000"
33-->[com.google.android.gms:play-services-maps:17.0.0] AndroidManifest.xml:27:9-41
34        android:required="true" />
34-->[com.google.android.gms:play-services-maps:17.0.0] AndroidManifest.xml:28:9-32
35
36    <application
36-->src/main/AndroidManifest.xml:27:5-63:19
37        android:allowBackup="true"
37-->src/main/AndroidManifest.xml:28:9-35
38        android:appComponentFactory="androidx.core.app.CoreComponentFactory"
38-->[androidx.core:core:1.0.0] AndroidManifest.xml:22:18-86
39        android:debuggable="true"
40        android:extractNativeLibs="false"
41        android:icon="@mipmap/ic_launcher"
41-->src/main/AndroidManifest.xml:29:9-43
42        android:label="@string/app_name"
42-->src/main/AndroidManifest.xml:30:9-41
43        android:theme="@android:style/Theme.DeviceDefault" >
43-->src/main/AndroidManifest.xml:31:9-59
44        <meta-data
44-->src/main/AndroidManifest.xml:33:9-35:37
45            android:name="com.google.android.wearable.standalone"
45-->src/main/AndroidManifest.xml:34:13-66
46            android:value="false" />
46-->src/main/AndroidManifest.xml:35:13-34
47
48        <activity
48-->src/main/AndroidManifest.xml:37:9-39:48
49            android:name="com.example.android.xyztouristattractions.ui.AttractionsActivity"
49-->src/main/AndroidManifest.xml:38:13-51
50            android:label="@string/app_name" />
50-->src/main/AndroidManifest.xml:39:13-45
51        <activity
51-->src/main/AndroidManifest.xml:41:9-43:64
52            android:name="android.support.wearable.activity.ConfirmationActivity"
52-->src/main/AndroidManifest.xml:42:13-82
53            android:theme="@android:style/Theme.Translucent" />
53-->src/main/AndroidManifest.xml:43:13-61
54
55        <service android:name="com.example.android.xyztouristattractions.service.ListenerService" >
55-->src/main/AndroidManifest.xml:45:9-56:19
55-->src/main/AndroidManifest.xml:45:18-57
56            <intent-filter>
56-->src/main/AndroidManifest.xml:46:13-55:29
57
58                <!-- listeners receive events that match the action and data filters -->
59                <action android:name="com.google.android.gms.wearable.DATA_CHANGED" />
59-->src/main/AndroidManifest.xml:48:17-87
59-->src/main/AndroidManifest.xml:48:25-84
60                <!-- filters by Constants.EXTRA_ATTRACTIONS -->
61                <data
61-->src/main/AndroidManifest.xml:50:17-96
62                    android:host="*"
62-->src/main/AndroidManifest.xml:50:45-61
63                    android:pathPrefix="/attraction"
63-->src/main/AndroidManifest.xml:50:62-94
64                    android:scheme="wear" />
64-->src/main/AndroidManifest.xml:50:23-44
65
66                <action android:name="com.google.android.gms.wearable.MESSAGE_RECEIVED" />
66-->src/main/AndroidManifest.xml:52:17-91
66-->src/main/AndroidManifest.xml:52:25-88
67                <!-- filters by Constants.CLEAR_NOTIFICATIONS_PATH -->
68                <data
68-->src/main/AndroidManifest.xml:50:17-96
69                    android:host="*"
69-->src/main/AndroidManifest.xml:50:45-61
70                    android:pathPrefix="/clear"
70-->src/main/AndroidManifest.xml:50:62-94
71                    android:scheme="wear" />
71-->src/main/AndroidManifest.xml:50:23-44
72            </intent-filter>
73        </service>
74        <service android:name="com.example.android.xyztouristattractions.service.UtilityService" />
74-->src/main/AndroidManifest.xml:58:9-59
74-->src/main/AndroidManifest.xml:58:18-56
75
76        <meta-data
76-->src/main/AndroidManifest.xml:60:9-61:69
77            android:name="com.google.android.gms.version"
77-->src/main/AndroidManifest.xml:60:20-65
78            android:value="@integer/google_play_services_version" />
78-->src/main/AndroidManifest.xml:61:13-66
79
80        <!-- Needs to be explicitly declared on P+ -->
81        <uses-library
81-->[com.google.android.gms:play-services-maps:17.0.0] AndroidManifest.xml:33:9-35:40
82            android:name="org.apache.http.legacy"
82-->[com.google.android.gms:play-services-maps:17.0.0] AndroidManifest.xml:34:13-50
83            android:required="false" />
83-->[com.google.android.gms:play-services-maps:17.0.0] AndroidManifest.xml:35:13-37
84        <uses-library
84-->[com.google.android.support:wearable:2.7.0] AndroidManifest.xml:10:9-12:40
85            android:name="com.google.android.wearable"
85-->[com.google.android.support:wearable:2.7.0] AndroidManifest.xml:11:13-55
86            android:required="false" />
86-->[com.google.android.support:wearable:2.7.0] AndroidManifest.xml:12:13-37
87
88        <activity
88-->[com.google.android.gms:play-services-base:17.0.0] AndroidManifest.xml:23:9-26:75
89            android:name="com.google.android.gms.common.api.GoogleApiActivity"
89-->[com.google.android.gms:play-services-base:17.0.0] AndroidManifest.xml:24:13-79
90            android:exported="false"
90-->[com.google.android.gms:play-services-base:17.0.0] AndroidManifest.xml:25:13-37
91            android:theme="@android:style/Theme.Translucent.NoTitleBar" />
91-->[com.google.android.gms:play-services-base:17.0.0] AndroidManifest.xml:26:13-72
92    </application>
93
94</manifest>